717281564|SENT|undefined|ADMIN|1603451992583
717281564|REQUEST|REGISTER|ADMIN|1603452059868
717281564|REQUEST|UNREGISTER|ADMIN|1603452070810
ADMIN|SENT|GOLDPRICE|412734816|1603452101883
412734816|REQUEST|REGISTER|ADMIN|1603452110821
412734816|REQUEST|UNREGISTER|ADMIN|1603452123101
ADMIN|SENT|OPTIONS-show_advance_options|717281564|1603452150753
ADMIN|SENT|OPTIONS-show_advance_options|412734816|1603452153638
ADMIN|SENT|OPTIONS-bot_help|717281564|1603452156375
717281564|SENT|undefined|ADMIN|1603452163256
ADMIN|SENT|OPTIONS-get_gold22_now|412734816|1603452164568
unhandledRejection|4416|Error: ETELEGRAM: 400 Bad Request: message text is empty|1603452164729
ADMIN|SENT|OPTIONS-bot_help|412734816|1603452176748
412734816|SENT|undefined|ADMIN|1603452183413
ADMIN|SENT|OPTIONS-start|412734816|1603452188631
412734816|REQUEST|REGISTER|ADMIN|1603452202000
412734816|REQUEST|UNREGISTER|ADMIN|1603452203616
ADMIN|SENT|GOLDPRICE|412734816|1603452204943
412734816|REQUEST|REGISTER|ADMIN|1603452217178
412734816|REQUEST|REGISTER|ADMIN|1603452231716
717281564|REQUEST|REGISTER|ADMIN|1603452415727
BATCH_EVENING_GOLDPRICE_STARTED|1603452422559
BATCH_EVENING_GOLDPRICE_STARTED|1603452432558
unhandledRejection|19056|Error: ETELEGRAM: 400 Bad Request: chat not found|1603452432814
unhandledRejection|19056|Error: ETELEGRAM: 400 Bad Request: chat not found|1603452432817
BATCH_EVENING_GOLDPRICE_STARTED|1603452442559
BATCH_EVENING_GOLDPRICE_STARTED|1603452452559
BATCH_EVENING_GOLDPRICE_STARTED|1603452462561
BATCH_EVENING_GOLDPRICE_STARTED|1603452472560
BATCH_EVENING_GOLDPRICE_STARTED|1603452482562
BATCH_EVENING_GOLDPRICE_STARTED|1603452492561
BATCH_EVENING_GOLDPRICE_STARTED|1603452502563
BATCH_EVENING_GOLDPRICE_STARTED|1603452512563
BATCH_EVENING_GOLDPRICE_STARTED|1603452522564
BATCH_EVENING_GOLDPRICE_STARTED|1603452532565
BATCH_EVENING_GOLDPRICE_STARTED|1603452542565
BATCH_EVENING_GOLDPRICE_STARTED|1603452552564
BATCH_EVENING_GOLDPRICE_STARTED|1603452562564
BATCH_EVENING_GOLDPRICE_STARTED|1603452572565
BATCH_EVENING_GOLDPRICE_STARTED|1603452582565
BATCH_EVENING_GOLDPRICE_STARTED|1603452592566
717281564|SENT|Hi|ADMIN|1603452833435
717281564|REQUEST|REGISTER|ADMIN|1603452835388
717281564|REQUEST|UNREGISTER|ADMIN|1603452838543
717281564|REQUEST|REGISTER|ADMIN|1603452840217
BACKUP_DONE|1603453312559
BACKUP_DONE|1603454212563
717281564|REQUEST|UNREGISTER|ADMIN|1603456154943
1392459728|SENT|Hi|ADMIN|1603456155712
1392459728|REQUEST|REGISTER|ADMIN|1603456168183
1392459728|REQUEST|UNREGISTER|ADMIN|1603456179792
1392459728|REQUEST|REGISTER|ADMIN|1603456189220
BATCH_EVENING_GOLDPRICE_STARTED|1603456204406
ADMIN|SENT|OPTIONS-show_advance_options|1392459728|1603456213354
BATCH_EVENING_GOLDPRICE_STARTED|1603456214406
BATCH_EVENING_GOLDPRICE_STARTED|1603456224407
ADMIN|SENT|OPTIONS-bot_help|1392459728|1603456228977
BATCH_EVENING_GOLDPRICE_STARTED|1603456234407
1392459728|SENT|undefined|ADMIN|1603456242174
BATCH_EVENING_GOLDPRICE_STARTED|1603456244409
BATCH_EVENING_GOLDPRICE_STARTED|1603456254410
BATCH_EVENING_GOLDPRICE_STARTED|1603456264410
BATCH_EVENING_GOLDPRICE_STARTED|1603456274410
1392459728|SENT|Dgudns|ADMIN|1603456277277
BATCH_EVENING_GOLDPRICE_STARTED|1603456284411
1392459728|SENT|Afshdjdls gun|ADMIN|1603456286107
1392459728|SENT|Busy|ADMIN|1603456288103
1392459728|SENT|But should|ADMIN|1603456291281
1392459728|SENT|Cummin|ADMIN|1603456293088
BATCH_EVENING_GOLDPRICE_STARTED|1603456294411
1392459728|SENT|Claim|ADMIN|1603456294817
1392459728|SENT|Vulnerability|ADMIN|1603456297571
1392459728|SENT|Humanities|ADMIN|1603456300481
ADMIN|RESETWRONGQUERY||1392459728|1603456300481
unhandledRejection|1144|Error: ETELEGRAM: 400 Bad Request: message text is empty|1603456300654
1392459728|SENT|Criminal|ADMIN|1603456302987
ADMIN|RESETWRONGQUERY||1392459728|1603456302987
unhandledRejection|1144|Error: ETELEGRAM: 400 Bad Request: message text is empty|1603456303148
BATCH_EVENING_GOLDPRICE_STARTED|1603456304411
1392459728|SENT|Dinner|ADMIN|1603456306091
ADMIN|RESETWRONGQUERY||1392459728|1603456306091
unhandledRejection|1144|Error: ETELEGRAM: 400 Bad Request: message text is empty|1603456306265
BATCH_EVENING_GOLDPRICE_STARTED|1603456314412
1392459728|SENT|Drinks|ADMIN|1603456321628
ADMIN|RESETWRONGQUERY||1392459728|1603456321628
unhandledRejection|1144|Error: ETELEGRAM: 400 Bad Request: message text is empty|1603456321793
BATCH_EVENING_GOLDPRICE_STARTED|1603456324412
BATCH_EVENING_GOLDPRICE_STARTED|1603456334412
BATCH_EVENING_GOLDPRICE_STARTED|1603456344411
BATCH_EVENING_GOLDPRICE_STARTED|1603456354413
BATCH_EVENING_GOLDPRICE_STARTED|1603456364414
BATCH_EVENING_GOLDPRICE_STARTED|1603456374414
BACKUP_DONE|1603457054405
BACKUP_DONE|1603457954404
BACKUP_DONE|1603458860189
717281564|REQUEST|REGISTER|ADMIN|1603458922321
717281564|SENT|fhdfh|ADMIN|1603458922322
717281564|SENT|dfh|ADMIN|1603458922323
717281564|SENT|dfh|ADMIN|1603458922323
717281564|SENT|dfh|ADMIN|1603458922324
717281564|SENT|dfh|ADMIN|1603458922325
717281564|SENT|sgg|ADMIN|1603459338117
717281564|SENT|sdg|ADMIN|1603459339196
717281564|SENT|sdg|ADMIN|1603459339712
717281564|SENT|sdg|ADMIN|1603459339712
717281564|SENT|sdg|ADMIN|1603459340164
ADMIN|RESETWRONGQUERY||717281564|1603459340164
ADMIN|RESETWRONGQUERY||717281564|1603459340164
717281564|SENT|sdg|ADMIN|1603459340164
unhandledRejection|5916|Error: ETELEGRAM: 400 Bad Request: message text is empty|1603459340327
unhandledRejection|5916|Error: ETELEGRAM: 400 Bad Request: message text is empty|1603459340344
717281564|SENT|asf|ADMIN|1603459340705
ADMIN|RESETWRONGQUERY||717281564|1603459340705
unhandledRejection|5916|Error: ETELEGRAM: 400 Bad Request: message text is empty|1603459340861
717281564|SENT|a|ADMIN|1603459342280
ADMIN|RESETWRONGQUERY||717281564|1603459342280
unhandledRejection|5916|Error: ETELEGRAM: 400 Bad Request: message text is empty|1603459342437
717281564|SENT|asf|ADMIN|1603459342750
ADMIN|RESETWRONGQUERY||717281564|1603459342750
unhandledRejection|5916|Error: ETELEGRAM: 400 Bad Request: message text is empty|1603459342912
717281564|SENT|asg|ADMIN|1603459343237
ADMIN|RESETWRONGQUERY||717281564|1603459343237
unhandledRejection|5916|Error: ETELEGRAM: 400 Bad Request: message text is empty|1603459343390
717281564|SENT|asg|ADMIN|1603459343699
ADMIN|RESETWRONGQUERY||717281564|1603459343699
ADMIN|RESETWRONGQUERY||717281564|1603459343699
717281564|SENT|asg|ADMIN|1603459343699
unhandledRejection|5916|Error: ETELEGRAM: 400 Bad Request: message text is empty|1603459343852
unhandledRejection|5916|Error: ETELEGRAM: 400 Bad Request: message text is empty|1603459343855
717281564|SENT|asg|ADMIN|1603459344178
ADMIN|RESETWRONGQUERY||717281564|1603459344178
unhandledRejection|5916|Error: ETELEGRAM: 400 Bad Request: message text is empty|1603459344364
717281564|SENT|asg|ADMIN|1603459344640
ADMIN|RESETWRONGQUERY||717281564|1603459344640
ADMIN|RESETWRONGQUERY||717281564|1603459344641
717281564|SENT|asg|ADMIN|1603459344641
unhandledRejection|5916|Error: ETELEGRAM: 400 Bad Request: message text is empty|1603459344794
unhandledRejection|5916|Error: ETELEGRAM: 400 Bad Request: message text is empty|1603459344808
717281564|SENT|asga|ADMIN|1603459345098
ADMIN|RESETWRONGQUERY||717281564|1603459345098
unhandledRejection|5916|Error: ETELEGRAM: 400 Bad Request: message text is empty|1603459345277
717281564|SENT|as|ADMIN|1603459345549
ADMIN|RESETWRONGQUERY||717281564|1603459345549
unhandledRejection|5916|Error: ETELEGRAM: 400 Bad Request: message text is empty|1603459345713
717281564|SENT|gas|ADMIN|1603459346003
ADMIN|RESETWRONGQUERY||717281564|1603459346003
ADMIN|RESETWRONGQUERY||717281564|1603459346004
717281564|SENT|ga|ADMIN|1603459346004
unhandledRejection|5916|Error: ETELEGRAM: 400 Bad Request: message text is empty|1603459346158
unhandledRejection|5916|Error: ETELEGRAM: 400 Bad Request: message text is empty|1603459346158
717281564|SENT|sg|ADMIN|1603459346491
ADMIN|RESETWRONGQUERY||717281564|1603459346491
unhandledRejection|5916|Error: ETELEGRAM: 400 Bad Request: message text is empty|1603459346644
717281564|SENT|asg|ADMIN|1603459346975
ADMIN|RESETWRONGQUERY||717281564|1603459346975
unhandledRejection|5916|Error: ETELEGRAM: 400 Bad Request: message text is empty|1603459347128
717281564|SENT|asdf|ADMIN|1603459384656
717281564|SENT|sdg|ADMIN|1603459387772
717281564|SENT|sdg|ADMIN|1603459388695
717281564|SENT|sdg|ADMIN|1603459389374
717281564|SENT|sdg|ADMIN|1603459389843
717281564|SENT|sdg|ADMIN|1603459390607
717281564|SENT|sdg|ADMIN|1603459390608
717281564|SENT|sdg|ADMIN|1603459393213
717281564|SENT|sdg|ADMIN|1603459395420
717281564|SENT|sdgs|ADMIN|1603459398320
ADMIN|RESETWRONGQUERY||717281564|1603459398320
unhandledRejection|896|Error: ETELEGRAM: 400 Bad Request: message text is empty|1603459398493
717281564|SENT|hihi|ADMIN|1603460029259
717281564|REQUEST|REGISTER|ADMIN|1603460033342
717281564|REQUEST|UNREGISTER|ADMIN|1603460035082
717281564|REQUEST|REGISTER|ADMIN|1603460051138
717281564|SENT|FEEDBACK|ADMIN|1603460066488
717281564|SENT|FEEDBACK|ADMIN|1603460076446
717281564|SENT|FEEDBACK|ADMIN|1603460084918
717281564|SENT|FEEDBACK|ADMIN|1603460092154
717281564|SENT|FEEDBACK|ADMIN|1603460098391
717281564|SENT|FEEDBACK|ADMIN|1603460104745
717281564|SENT|ji|ADMIN|1603460108124
717281564|SENT|FEEDBACK|ADMIN|1603460113394
717281564|SENT|ji|ADMIN|1603460124795
717281564|SENT|FEEDBACK|ADMIN|1603460129309
717281564|SENT|FEEDBACK|ADMIN|1603460137788
717281564|SENT|jhi|ADMIN|1603460141469
717281564|SENT|FEEDBACK|ADMIN|1603460145137
717281564|SENT|FEEDBACK|ADMIN|1603460150812
717281564|REQUEST|REGISTER|ADMIN|1603460866015
unhandledRejection|1528|Error: ETELEGRAM: 400 Bad Request: chat not found|1603460962314
717281564|SENT|/whoami|ADMIN|1603461260500
-482735743|SENT|undefined|ADMIN|1603461309941
-482735743|REQUEST|REGISTER|ADMIN|1603461333823
-482735743|SENT|undefined|ADMIN|1603461481634
unhandledRejection|1528|Error: ETELEGRAM: 403 Forbidden: bot was kicked from the group chat|1603461481796
-482735743|SENT|undefined|ADMIN|1603461500120
ADMIN|SENT|OPTIONS-show_advance_options|-482735743|1603461506737
ADMIN|SENT|OPTIONS-bot_help|-482735743|1603461522137
unhandledRejection|1528|Error: ETELEGRAM: 400 Bad Request: phone number can be requested in private chats only|1603461522300
-482735743|SENT|undefined|ADMIN|1603461544533
unhandledRejection|1528|Error: ETELEGRAM: 403 Forbidden: bot was kicked from the group chat|1603461544698
ADMIN|SENT|GOLDPRICE|717281564|1603466201151
717281564|SENT|Hi|ADMIN|1603468072746
717281564|REQUEST|REGISTER|ADMIN|1603468076704
717281564|REQUEST|UNREGISTER|ADMIN|1603468078812
717281564|REQUEST|REGISTER|ADMIN|1603468080962
717281564|SENT|Hi|ADMIN|1603468089021
ADMIN|SENT|GOLDPRICE|717281564|1603468090541
ADMIN|SENT|OPTIONS-show_advance_options|717281564|1603468098167
ADMIN|SENT|OPTIONS-bot_help|717281564|1603468100511
717281564|SENT|undefined|ADMIN|1603468103514
ADMIN|SENT|GOLDPRICE|717281564|1603468110772
ADMIN|SENT|OPTIONS-show_advance_options|717281564|1603468113528
ADMIN|SENT|OPTIONS-get_gold22_now|717281564|1603468115551
unhandledRejection|12680|Error: ETELEGRAM: 400 Bad Request: message text is empty|1603468115720
ADMIN|SENT|OPTIONS-bot_help|717281564|1603468228470
ADMIN|SENT|OPTIONS-get_gold22_now|717281564|1603468232374
unhandledRejection|13776|Error: ETELEGRAM: 400 Bad Request: message text is empty|1603468232545
717281564|SENT|Hi|ADMIN|1603468292868
ADMIN|SENT|OPTIONS-show_advance_options|717281564|1603468296550
ADMIN|SENT|OPTIONS-show_advance_options|717281564|1603468503048
ADMIN|SENT|CURRENTGOLDPRICE|717281564|1603468638347
